Analysis & Synthesis report for ProjetoCPU
Mon Oct 07 14:51:42 2019
Quartus II 64-Bit Version 9.1 Build 350 03/24/2010 Service Pack 2 SJ Full Version


---------------------
; Table of Contents ;
---------------------
  1. Legal Notice
  2. Analysis & Synthesis Summary
  3. Analysis & Synthesis Settings
  4. Parallel Compilation
  5. Analysis & Synthesis Source Files Read
  6. Analysis & Synthesis Resource Usage Summary
  7. Analysis & Synthesis Resource Utilization by Entity
  8. Registers Removed During Synthesis
  9. General Register Statistics
 10. Analysis & Synthesis Messages



----------------
; Legal Notice ;
----------------
Copyright (C) 1991-2010 Altera Corporation
Your use of Altera Corporation's design tools, logic functions 
and other software and tools, and its AMPP partner logic 
functions, and any output files from any of the foregoing 
(including device programming or simulation files), and any 
associated documentation or information are expressly subject 
to the terms and conditions of the Altera Program License 
Subscription Agreement, Altera MegaCore Function License 
Agreement, or other applicable license agreement, including, 
without limitation, that your use is for the sole purpose of 
programming logic devices manufactured by Altera and sold by 
Altera or its authorized distributors.  Please refer to the 
applicable agreement for further details.



+-------------------------------------------------------------------------------+
; Analysis & Synthesis Summary                                                  ;
+-------------------------------+-----------------------------------------------+
; Analysis & Synthesis Status   ; Successful - Mon Oct 07 14:51:42 2019         ;
; Quartus II 64-Bit Version     ; 9.1 Build 350 03/24/2010 SP 2 SJ Full Version ;
; Revision Name                 ; ProjetoCPU                                    ;
; Top-level Entity Name         ; SignExtend1to32bits                           ;
; Family                        ; Stratix II                                    ;
; Logic utilization             ; N/A                                           ;
;     Combinational ALUTs       ; 0                                             ;
;     Dedicated logic registers ; 2                                             ;
; Total registers               ; 2                                             ;
; Total pins                    ; 34                                            ;
; Total virtual pins            ; 0                                             ;
; Total block memory bits       ; 0                                             ;
; DSP block 9-bit elements      ; 0                                             ;
; Total PLLs                    ; 0                                             ;
; Total DLLs                    ; 0                                             ;
+-------------------------------+-----------------------------------------------+


+-----------------------------------------------------------------------------------------------------------------------+
; Analysis & Synthesis Settings                                                                                         ;
+----------------------------------------------------------------------------+---------------------+--------------------+
; Option                                                                     ; Setting             ; Default Value      ;
+----------------------------------------------------------------------------+---------------------+--------------------+
; Top-level entity name                                                      ; SignExtend1to32bits ; ProjetoCPU         ;
; Family name                                                                ; Stratix II          ; Stratix II         ;
; Use Generated Physical Constraints File                                    ; Off                 ;                    ;
; Use smart compilation                                                      ; Off                 ; Off                ;
; Enable parallel Assembler and TimeQuest Timing Analyzer during compilation ; On                  ; On                 ;
; Enable compact report table                                                ; Off                 ; Off                ;
; Restructure Multiplexers                                                   ; Auto                ; Auto               ;
; Create Debugging Nodes for IP Cores                                        ; Off                 ; Off                ;
; Preserve fewer node names                                                  ; On                  ; On                 ;
; Disable OpenCore Plus hardware evaluation                                  ; Off                 ; Off                ;
; Verilog Version                                                            ; Verilog_2001        ; Verilog_2001       ;
; VHDL Version                                                               ; VHDL_1993           ; VHDL_1993          ;
; State Machine Processing                                                   ; Auto                ; Auto               ;
; Safe State Machine                                                         ; Off                 ; Off                ;
; Extract Verilog State Machines                                             ; On                  ; On                 ;
; Extract VHDL State Machines                                                ; On                  ; On                 ;
; Ignore Verilog initial constructs                                          ; Off                 ; Off                ;
; Iteration limit for constant Verilog loops                                 ; 5000                ; 5000               ;
; Iteration limit for non-constant Verilog loops                             ; 250                 ; 250                ;
; Add Pass-Through Logic to Inferred RAMs                                    ; On                  ; On                 ;
; Parallel Synthesis                                                         ; On                  ; On                 ;
; DSP Block Balancing                                                        ; Auto                ; Auto               ;
; NOT Gate Push-Back                                                         ; On                  ; On                 ;
; Power-Up Don't Care                                                        ; On                  ; On                 ;
; Remove Redundant Logic Cells                                               ; Off                 ; Off                ;
; Remove Duplicate Registers                                                 ; On                  ; On                 ;
; Ignore CARRY Buffers                                                       ; Off                 ; Off                ;
; Ignore CASCADE Buffers                                                     ; Off                 ; Off                ;
; Ignore GLOBAL Buffers                                                      ; Off                 ; Off                ;
; Ignore ROW GLOBAL Buffers                                                  ; Off                 ; Off                ;
; Ignore LCELL Buffers                                                       ; Off                 ; Off                ;
; Ignore SOFT Buffers                                                        ; On                  ; On                 ;
; Limit AHDL Integers to 32 Bits                                             ; Off                 ; Off                ;
; Optimization Technique                                                     ; Balanced            ; Balanced           ;
; Carry Chain Length                                                         ; 70                  ; 70                 ;
; Auto Carry Chains                                                          ; On                  ; On                 ;
; Auto Open-Drain Pins                                                       ; On                  ; On                 ;
; Perform WYSIWYG Primitive Resynthesis                                      ; Off                 ; Off                ;
; Auto ROM Replacement                                                       ; On                  ; On                 ;
; Auto RAM Replacement                                                       ; On                  ; On                 ;
; Auto DSP Block Replacement                                                 ; On                  ; On                 ;
; Auto Shift Register Replacement                                            ; Auto                ; Auto               ;
; Auto Clock Enable Replacement                                              ; On                  ; On                 ;
; Strict RAM Replacement                                                     ; Off                 ; Off                ;
; Allow Synchronous Control Signals                                          ; On                  ; On                 ;
; Force Use of Synchronous Clear Signals                                     ; Off                 ; Off                ;
; Auto RAM Block Balancing                                                   ; On                  ; On                 ;
; Auto RAM to Logic Cell Conversion                                          ; Off                 ; Off                ;
; Auto Resource Sharing                                                      ; Off                 ; Off                ;
; Allow Any RAM Size For Recognition                                         ; Off                 ; Off                ;
; Allow Any ROM Size For Recognition                                         ; Off                 ; Off                ;
; Allow Any Shift Register Size For Recognition                              ; Off                 ; Off                ;
; Use LogicLock Constraints during Resource Balancing                        ; On                  ; On                 ;
; Ignore translate_off and synthesis_off directives                          ; Off                 ; Off                ;
; Timing-Driven Synthesis                                                    ; Off                 ; Off                ;
; Show Parameter Settings Tables in Synthesis Report                         ; On                  ; On                 ;
; Ignore Maximum Fan-Out Assignments                                         ; Off                 ; Off                ;
; Synchronization Register Chain Length                                      ; 2                   ; 2                  ;
; PowerPlay Power Optimization                                               ; Normal compilation  ; Normal compilation ;
; HDL message level                                                          ; Level2              ; Level2             ;
; Suppress Register Optimization Related Messages                            ; Off                 ; Off                ;
; Number of Removed Registers Reported in Synthesis Report                   ; 5000                ; 5000               ;
; Number of Inverted Registers Reported in Synthesis Report                  ; 100                 ; 100                ;
; Clock MUX Protection                                                       ; On                  ; On                 ;
; Auto Gated Clock Conversion                                                ; Off                 ; Off                ;
; Block Design Naming                                                        ; Auto                ; Auto               ;
; SDC constraint protection                                                  ; Off                 ; Off                ;
; Synthesis Effort                                                           ; Auto                ; Auto               ;
; Shift Register Replacement - Allow Asynchronous Clear Signal               ; On                  ; On                 ;
; Analysis & Synthesis Message Level                                         ; Medium              ; Medium             ;
; Disable Register Merging Across Hierarchies                                ; Auto                ; Auto               ;
; Resource Aware Inference For Block RAM                                     ; On                  ; On                 ;
+----------------------------------------------------------------------------+---------------------+--------------------+


+------------------------------------------+
; Parallel Compilation                     ;
+----------------------------+-------------+
; Processors                 ; Number      ;
+----------------------------+-------------+
; Number detected on machine ; 4           ;
; Maximum allowed            ; 4           ;
;                            ;             ;
; Average used               ; 1.00        ;
; Maximum used               ; 1           ;
;                            ;             ;
; Usage by Processor         ; % Time Used ;
;     1 processor            ; 100.0%      ;
;     2-4 processors         ;   0.0%      ;
+----------------------------+-------------+


+----------------------------------------------------------------------------------------------------------------------------------------------+
; Analysis & Synthesis Source Files Read                                                                                                       ;
+----------------------------------+-----------------+------------------------+----------------------------------------------------------------+
; File Name with User-Entered Path ; Used in Netlist ; File Type              ; File Name with Absolute Path                                   ;
+----------------------------------+-----------------+------------------------+----------------------------------------------------------------+
; SignExtend1to32bits.v            ; yes             ; User Verilog HDL File  ; C:/Users/alpvj/Desktop/projeto/ProjetoHw/SignExtend1to32bits.v ;
+----------------------------------+-----------------+------------------------+----------------------------------------------------------------+


+---------------------------------------------------------+
; Analysis & Synthesis Resource Usage Summary             ;
+-----------------------------------------------+---------+
; Resource                                      ; Usage   ;
+-----------------------------------------------+---------+
; Estimated ALUTs Used                          ; 0       ;
; Dedicated logic registers                     ; 2       ;
;                                               ;         ;
; Estimated ALUTs Unavailable                   ; 0       ;
;                                               ;         ;
; Total combinational functions                 ; 0       ;
; Combinational ALUT usage by number of inputs  ;         ;
;     -- 7 input functions                      ; 0       ;
;     -- 6 input functions                      ; 0       ;
;     -- 5 input functions                      ; 0       ;
;     -- 4 input functions                      ; 0       ;
;     -- <=3 input functions                    ; 0       ;
;                                               ;         ;
; Combinational ALUTs by mode                   ;         ;
;     -- normal mode                            ; 0       ;
;     -- extended LUT mode                      ; 0       ;
;     -- arithmetic mode                        ; 0       ;
;     -- shared arithmetic mode                 ; 0       ;
;                                               ;         ;
; Estimated ALUT/register pairs used            ; 2       ;
;                                               ;         ;
; Total registers                               ; 2       ;
;     -- Dedicated logic registers              ; 2       ;
;     -- I/O registers                          ; 0       ;
;                                               ;         ;
; Estimated ALMs:  partially or completely used ; 1       ;
;                                               ;         ;
; I/O pins                                      ; 34      ;
; Maximum fan-out node                          ; inputSE ;
; Maximum fan-out                               ; 2       ;
; Total fan-out                                 ; 6       ;
; Average fan-out                               ; 0.17    ;
+-----------------------------------------------+---------+


+------------------------------------------------------------------------------------------------------------------------------------------------------------------------------------------------+
; Analysis & Synthesis Resource Utilization by Entity                                                                                                                                            ;
+----------------------------+-------------------+--------------+-------------------+--------------+---------+-----------+-----------+------+--------------+----------------------+--------------+
; Compilation Hierarchy Node ; LC Combinationals ; LC Registers ; Block Memory Bits ; DSP Elements ; DSP 9x9 ; DSP 18x18 ; DSP 36x36 ; Pins ; Virtual Pins ; Full Hierarchy Name  ; Library Name ;
+----------------------------+-------------------+--------------+-------------------+--------------+---------+-----------+-----------+------+--------------+----------------------+--------------+
; |SignExtend1to32bits       ; 0 (0)             ; 2 (2)        ; 0                 ; 0            ; 0       ; 0         ; 0         ; 34   ; 0            ; |SignExtend1to32bits ; work         ;
+----------------------------+-------------------+--------------+-------------------+--------------+---------+-----------+-----------+------+--------------+----------------------+--------------+
Note: For table entries with two numbers listed, the numbers in parentheses indicate the number of resources of the given type used by the specific entity alone. The numbers listed outside of parentheses indicate the total resources of the given type used by the specific entity and all of its sub-entities in the hierarchy.


+---------------------------------------------------------------------------------+
; Registers Removed During Synthesis                                              ;
+----------------------------------------+----------------------------------------+
; Register name                          ; Reason for Removal                     ;
+----------------------------------------+----------------------------------------+
; outputSE[2]~reg0                       ; Stuck at GND due to stuck port data_in ;
; outputSE[3]~reg0                       ; Stuck at GND due to stuck port data_in ;
; outputSE[4]~reg0                       ; Stuck at GND due to stuck port data_in ;
; outputSE[5]~reg0                       ; Stuck at GND due to stuck port data_in ;
; outputSE[6]~reg0                       ; Stuck at GND due to stuck port data_in ;
; outputSE[7]~reg0                       ; Stuck at GND due to stuck port data_in ;
; outputSE[8]~reg0                       ; Stuck at GND due to stuck port data_in ;
; outputSE[9]~reg0                       ; Stuck at GND due to stuck port data_in ;
; outputSE[10]~reg0                      ; Stuck at GND due to stuck port data_in ;
; outputSE[11]~reg0                      ; Stuck at GND due to stuck port data_in ;
; outputSE[12]~reg0                      ; Stuck at GND due to stuck port data_in ;
; outputSE[13]~reg0                      ; Stuck at GND due to stuck port data_in ;
; outputSE[14]~reg0                      ; Stuck at GND due to stuck port data_in ;
; outputSE[15]~reg0                      ; Stuck at GND due to stuck port data_in ;
; outputSE[16]~reg0                      ; Stuck at GND due to stuck port data_in ;
; outputSE[17]~reg0                      ; Stuck at GND due to stuck port data_in ;
; outputSE[18]~reg0                      ; Stuck at GND due to stuck port data_in ;
; outputSE[19]~reg0                      ; Stuck at GND due to stuck port data_in ;
; outputSE[20]~reg0                      ; Stuck at GND due to stuck port data_in ;
; outputSE[21]~reg0                      ; Stuck at GND due to stuck port data_in ;
; outputSE[22]~reg0                      ; Stuck at GND due to stuck port data_in ;
; outputSE[23]~reg0                      ; Stuck at GND due to stuck port data_in ;
; outputSE[24]~reg0                      ; Stuck at GND due to stuck port data_in ;
; outputSE[25]~reg0                      ; Stuck at GND due to stuck port data_in ;
; outputSE[26]~reg0                      ; Stuck at GND due to stuck port data_in ;
; outputSE[27]~reg0                      ; Stuck at GND due to stuck port data_in ;
; outputSE[28]~reg0                      ; Stuck at GND due to stuck port data_in ;
; outputSE[29]~reg0                      ; Stuck at GND due to stuck port data_in ;
; outputSE[30]~reg0                      ; Stuck at GND due to stuck port data_in ;
; outputSE[31]~reg0                      ; Stuck at GND due to stuck port data_in ;
; Total Number of Removed Registers = 30 ;                                        ;
+----------------------------------------+----------------------------------------+


+------------------------------------------------------+
; General Register Statistics                          ;
+----------------------------------------------+-------+
; Statistic                                    ; Value ;
+----------------------------------------------+-------+
; Total registers                              ; 2     ;
; Number of registers using Synchronous Clear  ; 0     ;
; Number of registers using Synchronous Load   ; 0     ;
; Number of registers using Asynchronous Clear ; 0     ;
; Number of registers using Asynchronous Load  ; 0     ;
; Number of registers using Clock Enable       ; 0     ;
; Number of registers using Preset             ; 0     ;
+----------------------------------------------+-------+


+-------------------------------+
; Analysis & Synthesis Messages ;
+-------------------------------+
Info: *******************************************************************
Info: Running Quartus II 64-Bit Analysis & Synthesis
    Info: Version 9.1 Build 350 03/24/2010 Service Pack 2 SJ Full Version
    Info: Processing started: Mon Oct 07 14:51:40 2019
Info: Command: quartus_map --read_settings_files=on --write_settings_files=off ProjetoCPU -c ProjetoCPU
Info: Parallel compilation is enabled and will use 4 of the 4 processors detected
Info: Found 1 design units, including 1 entities, in source file alucontrol.v
    Info: Found entity 1: AluControl
Info: Found 2 design units, including 1 entities, in source file banco_reg.vhd
    Info: Found design unit 1: Banco_reg-behavioral_arch
    Info: Found entity 1: Banco_reg
Info: Found 2 design units, including 1 entities, in source file instr_reg.vhd
    Info: Found design unit 1: Instr_Reg-behavioral_arch
    Info: Found entity 1: Instr_Reg
Info: Found 3 design units, including 1 entities, in source file memoria.vhd
    Info: Found design unit 1: ram_constants
    Info: Found design unit 2: Memoria-behavioral_arch
    Info: Found entity 1: Memoria
Info: Found 1 design units, including 1 entities, in source file mux4pra5bits.v
    Info: Found entity 1: mux4pra5bits
Info: Found 1 design units, including 1 entities, in source file mux4pra32bits.v
    Info: Found entity 1: mux4pra32bits
Info: Found 1 design units, including 1 entities, in source file mux8pra5bits.v
    Info: Found entity 1: mux8pra5bits
Info: Found 1 design units, including 1 entities, in source file mux16pra32bits.v
    Info: Found entity 1: mux16pra32bits
Info: Found 2 design units, including 1 entities, in source file regdesloc.vhd
    Info: Found design unit 1: RegDesloc-behavioral_arch
    Info: Found entity 1: RegDesloc
Info: Found 2 design units, including 1 entities, in source file registrador.vhd
    Info: Found design unit 1: Registrador-behavioral_arch
    Info: Found entity 1: Registrador
Info: Found 1 design units, including 1 entities, in source file shiftleft2de26pra28.v
    Info: Found entity 1: ShiftLeft2de26pra28
Info: Found 1 design units, including 1 entities, in source file shiftleft2de32pra32.v
    Info: Found entity 1: ShiftLeft2de32pra32
Info: Found 1 design units, including 1 entities, in source file signextend1to32bits.v
    Info: Found entity 1: SignExtend1to32bits
Info: Found 1 design units, including 1 entities, in source file signextend16to32bits.v
    Info: Found entity 1: SignExtend16to32bits
Info: Found 2 design units, including 1 entities, in source file ula32.vhd
    Info: Found design unit 1: Ula32-behavioral
    Info: Found entity 1: Ula32
Info: Elaborating entity "SignExtend1to32bits" for the top level hierarchy
Warning: Output pins are stuck at VCC or GND
    Warning (13410): Pin "outputSE[2]" is stuck at GND
    Warning (13410): Pin "outputSE[3]" is stuck at GND
    Warning (13410): Pin "outputSE[4]" is stuck at GND
    Warning (13410): Pin "outputSE[5]" is stuck at GND
    Warning (13410): Pin "outputSE[6]" is stuck at GND
    Warning (13410): Pin "outputSE[7]" is stuck at GND
    Warning (13410): Pin "outputSE[8]" is stuck at GND
    Warning (13410): Pin "outputSE[9]" is stuck at GND
    Warning (13410): Pin "outputSE[10]" is stuck at GND
    Warning (13410): Pin "outputSE[11]" is stuck at GND
    Warning (13410): Pin "outputSE[12]" is stuck at GND
    Warning (13410): Pin "outputSE[13]" is stuck at GND
    Warning (13410): Pin "outputSE[14]" is stuck at GND
    Warning (13410): Pin "outputSE[15]" is stuck at GND
    Warning (13410): Pin "outputSE[16]" is stuck at GND
    Warning (13410): Pin "outputSE[17]" is stuck at GND
    Warning (13410): Pin "outputSE[18]" is stuck at GND
    Warning (13410): Pin "outputSE[19]" is stuck at GND
    Warning (13410): Pin "outputSE[20]" is stuck at GND
    Warning (13410): Pin "outputSE[21]" is stuck at GND
    Warning (13410): Pin "outputSE[22]" is stuck at GND
    Warning (13410): Pin "outputSE[23]" is stuck at GND
    Warning (13410): Pin "outputSE[24]" is stuck at GND
    Warning (13410): Pin "outputSE[25]" is stuck at GND
    Warning (13410): Pin "outputSE[26]" is stuck at GND
    Warning (13410): Pin "outputSE[27]" is stuck at GND
    Warning (13410): Pin "outputSE[28]" is stuck at GND
    Warning (13410): Pin "outputSE[29]" is stuck at GND
    Warning (13410): Pin "outputSE[30]" is stuck at GND
    Warning (13410): Pin "outputSE[31]" is stuck at GND
Info: Implemented 36 device resources after synthesis - the final resource count might be different
    Info: Implemented 2 input pins
    Info: Implemented 32 output pins
    Info: Implemented 2 logic cells
Info: Quartus II 64-Bit Analysis & Synthesis was successful. 0 errors, 31 warnings
    Info: Peak virtual memory: 4457 megabytes
    Info: Processing ended: Mon Oct 07 14:51:42 2019
    Info: Elapsed time: 00:00:02
    Info: Total CPU time (on all processors): 00:00:02


