Flow report for ProjetoCPU
Sat Oct 19 13:17:24 2019
Quartus II 64-Bit Version 9.1 Build 350 03/24/2010 Service Pack 2 SJ Full Version


---------------------
; Table of Contents ;
---------------------
  1. Legal Notice
  2. Flow Summary
  3. Flow Settings
  4. Flow Non-Default Global Settings
  5. Flow Elapsed Time
  6. Flow OS Summary
  7. Flow Log



----------------
; Legal Notice ;
----------------
Copyright (C) 1991-2010 Altera Corporation
Your use of Altera Corporation's design tools, logic functions 
and other software and tools, and its AMPP partner logic 
functions, and any output files from any of the foregoing 
(including device programming or simulation files), and any 
associated documentation or information are expressly subject 
to the terms and conditions of the Altera Program License 
Subscription Agreement, Altera MegaCore Function License 
Agreement, or other applicable license agreement, including, 
without limitation, that your use is for the sole purpose of 
programming logic devices manufactured by Altera and sold by 
Altera or its authorized distributors.  Please refer to the 
applicable agreement for further details.



+-------------------------------------------------------------------------------+
; Flow Summary                                                                  ;
+-------------------------------+-----------------------------------------------+
; Flow Status                   ; Successful - Sat Oct 19 13:17:24 2019         ;
; Quartus II 64-Bit Version     ; 9.1 Build 350 03/24/2010 SP 2 SJ Full Version ;
; Revision Name                 ; ProjetoCPU                                    ;
; Top-level Entity Name         ; Hardware                                      ;
; Family                        ; Stratix II                                    ;
; Met timing requirements       ; No                                            ;
; Logic utilization             ; 16 %                                          ;
;     Combinational ALUTs       ; 2,926 / 27,104 ( 11 % )                       ;
;     Dedicated logic registers ; 1,935 / 27,104 ( 7 % )                        ;
; Total registers               ; 1935                                          ;
; Total pins                    ; 438 / 501 ( 87 % )                            ;
; Total virtual pins            ; 0                                             ;
; Total block memory bits       ; 8,192 / 1,369,728 ( < 1 % )                   ;
; DSP block 9-bit elements      ; 0 / 128 ( 0 % )                               ;
; Total PLLs                    ; 0 / 6 ( 0 % )                                 ;
; Total DLLs                    ; 0 / 2 ( 0 % )                                 ;
; Device                        ; EP2S30F672C3                                  ;
; Timing Models                 ; Final                                         ;
+-------------------------------+-----------------------------------------------+


+-----------------------------------------+
; Flow Settings                           ;
+-------------------+---------------------+
; Option            ; Setting             ;
+-------------------+---------------------+
; Start date & time ; 10/19/2019 13:16:32 ;
; Main task         ; Compilation         ;
; Revision Name     ; ProjetoCPU          ;
+-------------------+---------------------+


+---------------------------------------------------------------------------------------------------------------------+
; Flow Non-Default Global Settings                                                                                    ;
+------------------------------------+---------------------------------+---------------+-------------+----------------+
; Assignment Name                    ; Value                           ; Default Value ; Entity Name ; Section Id     ;
+------------------------------------+---------------------------------+---------------+-------------+----------------+
; COMPILER_SIGNATURE_ID              ; 229335799398773.157150179201812 ; --            ; --          ; --             ;
; PARTITION_COLOR                    ; 16764057                        ; --            ; Hardware    ; Top            ;
; PARTITION_NETLIST_TYPE             ; SOURCE                          ; --            ; Hardware    ; Top            ;
; TOP_LEVEL_ENTITY                   ; Hardware                        ; ProjetoCPU    ; --          ; --             ;
; USE_GENERATED_PHYSICAL_CONSTRAINTS ; Off                             ; --            ; --          ; eda_blast_fpga ;
+------------------------------------+---------------------------------+---------------+-------------+----------------+


+-----------------------------------------------------------------------------------------------------------------------------+
; Flow Elapsed Time                                                                                                           ;
+-------------------------+--------------+-------------------------+---------------------+------------------------------------+
; Module Name             ; Elapsed Time ; Average Processors Used ; Peak Virtual Memory ; Total CPU Time (on all processors) ;
+-------------------------+--------------+-------------------------+---------------------+------------------------------------+
; Analysis & Synthesis    ; 00:00:28     ; 1.0                     ; 4545 MB             ; 00:00:25                           ;
; Fitter                  ; 00:00:17     ; 2.1                     ; 4662 MB             ; 00:00:16                           ;
; Assembler               ; 00:00:03     ; 1.0                     ; 4490 MB             ; 00:00:03                           ;
; Classic Timing Analyzer ; 00:00:01     ; 1.0                     ; 4398 MB             ; 00:00:01                           ;
; Total                   ; 00:00:49     ; --                      ; --                  ; 00:00:45                           ;
+-------------------------+--------------+-------------------------+---------------------+------------------------------------+


+------------------------------------------------------------------------------------------+
; Flow OS Summary                                                                          ;
+-------------------------+------------------+---------------+------------+----------------+
; Module Name             ; Machine Hostname ; OS Name       ; OS Version ; Processor type ;
+-------------------------+------------------+---------------+------------+----------------+
; Analysis & Synthesis    ; G3C38            ; Windows Vista ; 6.2        ; x86_64         ;
; Fitter                  ; G3C38            ; Windows Vista ; 6.2        ; x86_64         ;
; Assembler               ; G3C38            ; Windows Vista ; 6.2        ; x86_64         ;
; Classic Timing Analyzer ; G3C38            ; Windows Vista ; 6.2        ; x86_64         ;
+-------------------------+------------------+---------------+------------+----------------+


------------
; Flow Log ;
------------
quartus_map --read_settings_files=on --write_settings_files=off ProjetoCPU -c ProjetoCPU
quartus_fit --read_settings_files=off --write_settings_files=off ProjetoCPU -c ProjetoCPU
quartus_asm --read_settings_files=off --write_settings_files=off ProjetoCPU -c ProjetoCPU
quartus_tan --read_settings_files=off --write_settings_files=off ProjetoCPU -c ProjetoCPU --timing_analysis_only



