Classic Timing Analyzer report for ProjetoCPU
Mon Oct 07 14:51:54 2019
Quartus II 64-Bit Version 9.1 Build 350 03/24/2010 Service Pack 2 SJ Full Version


---------------------
; Table of Contents ;
---------------------
  1. Legal Notice
  2. Timing Analyzer Summary
  3. Timing Analyzer Settings
  4. Clock Settings Summary
  5. Parallel Compilation
  6. tsu
  7. tco
  8. th
  9. Timing Analyzer Messages



----------------
; Legal Notice ;
----------------
Copyright (C) 1991-2010 Altera Corporation
Your use of Altera Corporation's design tools, logic functions 
and other software and tools, and its AMPP partner logic 
functions, and any output files from any of the foregoing 
(including device programming or simulation files), and any 
associated documentation or information are expressly subject 
to the terms and conditions of the Altera Program License 
Subscription Agreement, Altera MegaCore Function License 
Agreement, or other applicable license agreement, including, 
without limitation, that your use is for the sole purpose of 
programming logic devices manufactured by Altera and sold by 
Altera or its authorized distributors.  Please refer to the 
applicable agreement for further details.



+-------------------------------------------------------------------------------------------------------------------------------------------------+
; Timing Analyzer Summary                                                                                                                         ;
+------------------------------+-------+---------------+-------------+------------------+------------------+------------+----------+--------------+
; Type                         ; Slack ; Required Time ; Actual Time ; From             ; To               ; From Clock ; To Clock ; Failed Paths ;
+------------------------------+-------+---------------+-------------+------------------+------------------+------------+----------+--------------+
; Worst-case tsu               ; N/A   ; None          ; 2.204 ns    ; inputSE          ; outputSE[0]~reg0 ; --         ; clk      ; 0            ;
; Worst-case tco               ; N/A   ; None          ; 6.249 ns    ; outputSE[1]~reg0 ; outputSE[1]      ; clk        ; --       ; 0            ;
; Worst-case th                ; N/A   ; None          ; -1.864 ns   ; inputSE          ; outputSE[1]~reg0 ; --         ; clk      ; 0            ;
; Total number of failed paths ;       ;               ;             ;                  ;                  ;            ;          ; 0            ;
+------------------------------+-------+---------------+-------------+------------------+------------------+------------+----------+--------------+


+-----------------------------------------------------------------------------------------------------------------------------------------------------+
; Timing Analyzer Settings                                                                                                                            ;
+------------------------------------------------------------------------------------------------------+--------------------+------+----+-------------+
; Option                                                                                               ; Setting            ; From ; To ; Entity Name ;
+------------------------------------------------------------------------------------------------------+--------------------+------+----+-------------+
; Device Name                                                                                          ; EP2S15F484C3       ;      ;    ;             ;
; Timing Models                                                                                        ; Final              ;      ;    ;             ;
; Default hold multicycle                                                                              ; Same as Multicycle ;      ;    ;             ;
; Cut paths between unrelated clock domains                                                            ; On                 ;      ;    ;             ;
; Cut off read during write signal paths                                                               ; On                 ;      ;    ;             ;
; Cut off feedback from I/O pins                                                                       ; On                 ;      ;    ;             ;
; Report Combined Fast/Slow Timing                                                                     ; Off                ;      ;    ;             ;
; Ignore Clock Settings                                                                                ; Off                ;      ;    ;             ;
; Analyze latches as synchronous elements                                                              ; On                 ;      ;    ;             ;
; Enable Recovery/Removal analysis                                                                     ; Off                ;      ;    ;             ;
; Enable Clock Latency                                                                                 ; Off                ;      ;    ;             ;
; Use TimeQuest Timing Analyzer                                                                        ; Off                ;      ;    ;             ;
; Number of source nodes to report per destination node                                                ; 10                 ;      ;    ;             ;
; Number of destination nodes to report                                                                ; 10                 ;      ;    ;             ;
; Number of paths to report                                                                            ; 200                ;      ;    ;             ;
; Report Minimum Timing Checks                                                                         ; Off                ;      ;    ;             ;
; Use Fast Timing Models                                                                               ; Off                ;      ;    ;             ;
; Report IO Paths Separately                                                                           ; Off                ;      ;    ;             ;
; Perform Multicorner Analysis                                                                         ; On                 ;      ;    ;             ;
; Reports the worst-case path for each clock domain and analysis                                       ; Off                ;      ;    ;             ;
; Reports worst-case timing paths for each clock domain and analysis                                   ; Off                ;      ;    ;             ;
; Specifies the maximum number of worst-case timing paths to report for each clock domain and analysis ; 100                ;      ;    ;             ;
; Removes common clock path pessimism (CCPP) during slack computation                                  ; Off                ;      ;    ;             ;
; Output I/O Timing Endpoint                                                                           ; Near End           ;      ;    ;             ;
+------------------------------------------------------------------------------------------------------+--------------------+------+----+-------------+


+------------------------------------------------------------------------------------------------------------------------------------------------------------------------------------+
; Clock Settings Summary                                                                                                                                                             ;
+-----------------+--------------------+----------+------------------+---------------+--------------+----------+-----------------------+---------------------+--------+--------------+
; Clock Node Name ; Clock Setting Name ; Type     ; Fmax Requirement ; Early Latency ; Late Latency ; Based on ; Multiply Base Fmax by ; Divide Base Fmax by ; Offset ; Phase offset ;
+-----------------+--------------------+----------+------------------+---------------+--------------+----------+-----------------------+---------------------+--------+--------------+
; clk             ;                    ; User Pin ; None             ; 0.000 ns      ; 0.000 ns     ; --       ; N/A                   ; N/A                 ; N/A    ;              ;
+-----------------+--------------------+----------+------------------+---------------+--------------+----------+-----------------------+---------------------+--------+--------------+


+------------------------------------------+
; Parallel Compilation                     ;
+----------------------------+-------------+
; Processors                 ; Number      ;
+----------------------------+-------------+
; Number detected on machine ; 4           ;
; Maximum allowed            ; 4           ;
;                            ;             ;
; Average used               ; 1.00        ;
; Maximum used               ; 1           ;
;                            ;             ;
; Usage by Processor         ; % Time Used ;
;     1 processor            ; 100.0%      ;
;     2-4 processors         ;   0.0%      ;
+----------------------------+-------------+


+---------------------------------------------------------------------------+
; tsu                                                                       ;
+-------+--------------+------------+---------+------------------+----------+
; Slack ; Required tsu ; Actual tsu ; From    ; To               ; To Clock ;
+-------+--------------+------------+---------+------------------+----------+
; N/A   ; None         ; 2.204 ns   ; inputSE ; outputSE[0]~reg0 ; clk      ;
; N/A   ; None         ; 2.103 ns   ; inputSE ; outputSE[1]~reg0 ; clk      ;
+-------+--------------+------------+---------+------------------+----------+


+---------------------------------------------------------------------------------+
; tco                                                                             ;
+-------+--------------+------------+------------------+-------------+------------+
; Slack ; Required tco ; Actual tco ; From             ; To          ; From Clock ;
+-------+--------------+------------+------------------+-------------+------------+
; N/A   ; None         ; 6.249 ns   ; outputSE[1]~reg0 ; outputSE[1] ; clk        ;
; N/A   ; None         ; 4.982 ns   ; outputSE[0]~reg0 ; outputSE[0] ; clk        ;
+-------+--------------+------------+------------------+-------------+------------+


+---------------------------------------------------------------------------------+
; th                                                                              ;
+---------------+-------------+-----------+---------+------------------+----------+
; Minimum Slack ; Required th ; Actual th ; From    ; To               ; To Clock ;
+---------------+-------------+-----------+---------+------------------+----------+
; N/A           ; None        ; -1.864 ns ; inputSE ; outputSE[1]~reg0 ; clk      ;
; N/A           ; None        ; -1.965 ns ; inputSE ; outputSE[0]~reg0 ; clk      ;
+---------------+-------------+-----------+---------+------------------+----------+


+--------------------------+
; Timing Analyzer Messages ;
+--------------------------+
Info: *******************************************************************
Info: Running Quartus II 64-Bit Classic Timing Analyzer
    Info: Version 9.1 Build 350 03/24/2010 Service Pack 2 SJ Full Version
    Info: Processing started: Mon Oct 07 14:51:53 2019
Info: Command: quartus_tan --read_settings_files=off --write_settings_files=off ProjetoCPU -c ProjetoCPU --timing_analysis_only
Info: Parallel compilation is enabled and will use 4 of the 4 processors detected
Warning: Found pins functioning as undefined clocks and/or memory enables
    Info: Assuming node "clk" is an undefined clock
Info: No valid register-to-register data paths exist for clock "clk"
Info: tsu for register "outputSE[0]~reg0" (data pin = "inputSE", clock pin = "clk") is 2.204 ns
    Info: + Longest pin to register delay is 4.576 ns
        Info: 1: + IC(0.000 ns) + CELL(0.820 ns) = 0.820 ns; Loc. = PIN_K22; Fanout = 2; PIN Node = 'inputSE'
        Info: 2: + IC(3.447 ns) + CELL(0.309 ns) = 4.576 ns; Loc. = LCFF_X1_Y17_N1; Fanout = 1; REG Node = 'outputSE[0]~reg0'
        Info: Total cell delay = 1.129 ns ( 24.67 % )
        Info: Total interconnect delay = 3.447 ns ( 75.33 % )
    Info: + Micro setup delay of destination is 0.090 ns
    Info: - Shortest clock path from clock "clk" to destination register is 2.462 ns
        Info: 1: + IC(0.000 ns) + CELL(0.854 ns) = 0.854 ns; Loc. = PIN_N20; Fanout = 1; CLK Node = 'clk'
        Info: 2: + IC(0.343 ns) + CELL(0.000 ns) = 1.197 ns; Loc. = CLKCTRL_G3; Fanout = 2; COMB Node = 'clk~clkctrl'
        Info: 3: + IC(0.647 ns) + CELL(0.618 ns) = 2.462 ns; Loc. = LCFF_X1_Y17_N1; Fanout = 1; REG Node = 'outputSE[0]~reg0'
        Info: Total cell delay = 1.472 ns ( 59.79 % )
        Info: Total interconnect delay = 0.990 ns ( 40.21 % )
Info: tco from clock "clk" to destination pin "outputSE[1]" through register "outputSE[1]~reg0" is 6.249 ns
    Info: + Longest clock path from clock "clk" to source register is 2.462 ns
        Info: 1: + IC(0.000 ns) + CELL(0.854 ns) = 0.854 ns; Loc. = PIN_N20; Fanout = 1; CLK Node = 'clk'
        Info: 2: + IC(0.343 ns) + CELL(0.000 ns) = 1.197 ns; Loc. = CLKCTRL_G3; Fanout = 2; COMB Node = 'clk~clkctrl'
        Info: 3: + IC(0.647 ns) + CELL(0.618 ns) = 2.462 ns; Loc. = LCFF_X1_Y17_N3; Fanout = 1; REG Node = 'outputSE[1]~reg0'
        Info: Total cell delay = 1.472 ns ( 59.79 % )
        Info: Total interconnect delay = 0.990 ns ( 40.21 % )
    Info: + Micro clock to output delay of source is 0.094 ns
    Info: + Longest register to pin delay is 3.693 ns
        Info: 1: + IC(0.000 ns) + CELL(0.000 ns) = 0.000 ns; Loc. = LCFF_X1_Y17_N3; Fanout = 1; REG Node = 'outputSE[1]~reg0'
        Info: 2: + IC(1.711 ns) + CELL(1.982 ns) = 3.693 ns; Loc. = PIN_Y20; Fanout = 0; PIN Node = 'outputSE[1]'
        Info: Total cell delay = 1.982 ns ( 53.67 % )
        Info: Total interconnect delay = 1.711 ns ( 46.33 % )
Info: th for register "outputSE[1]~reg0" (data pin = "inputSE", clock pin = "clk") is -1.864 ns
    Info: + Longest clock path from clock "clk" to destination register is 2.462 ns
        Info: 1: + IC(0.000 ns) + CELL(0.854 ns) = 0.854 ns; Loc. = PIN_N20; Fanout = 1; CLK Node = 'clk'
        Info: 2: + IC(0.343 ns) + CELL(0.000 ns) = 1.197 ns; Loc. = CLKCTRL_G3; Fanout = 2; COMB Node = 'clk~clkctrl'
        Info: 3: + IC(0.647 ns) + CELL(0.618 ns) = 2.462 ns; Loc. = LCFF_X1_Y17_N3; Fanout = 1; REG Node = 'outputSE[1]~reg0'
        Info: Total cell delay = 1.472 ns ( 59.79 % )
        Info: Total interconnect delay = 0.990 ns ( 40.21 % )
    Info: + Micro hold delay of destination is 0.149 ns
    Info: - Shortest pin to register delay is 4.475 ns
        Info: 1: + IC(0.000 ns) + CELL(0.820 ns) = 0.820 ns; Loc. = PIN_K22; Fanout = 2; PIN Node = 'inputSE'
        Info: 2: + IC(3.447 ns) + CELL(0.053 ns) = 4.320 ns; Loc. = LCCOMB_X1_Y17_N2; Fanout = 1; COMB Node = 'outputSE[1]~reg0feeder'
        Info: 3: + IC(0.000 ns) + CELL(0.155 ns) = 4.475 ns; Loc. = LCFF_X1_Y17_N3; Fanout = 1; REG Node = 'outputSE[1]~reg0'
        Info: Total cell delay = 1.028 ns ( 22.97 % )
        Info: Total interconnect delay = 3.447 ns ( 77.03 % )
Info: Quartus II 64-Bit Classic Timing Analyzer was successful. 0 errors, 1 warning
    Info: Peak virtual memory: 4366 megabytes
    Info: Processing ended: Mon Oct 07 14:51:54 2019
    Info: Elapsed time: 00:00:01
    Info: Total CPU time (on all processors): 00:00:00


